Release 14.7 - xst P.20131013 (nt)
Copyright (c) 1995-2013 Xilinx, Inc.  All rights reserved.
--> Parameter TMPDIR set to xst/projnav.tmp


Total REAL time to Xst completion: 0.00 secs
Total CPU time to Xst completion: 0.20 secs
 
--> Parameter xsthdpdir set to xst


Total REAL time to Xst completion: 0.00 secs
Total CPU time to Xst completion: 0.20 secs
 
--> Reading design: ControlUnit.prj

TABLE OF CONTENTS
  1) Synthesis Options Summary
  2) HDL Compilation
  3) Design Hierarchy Analysis
  4) HDL Analysis
  5) HDL Synthesis
     5.1) HDL Synthesis Report
  6) Advanced HDL Synthesis
     6.1) Advanced HDL Synthesis Report
  7) Low Level Synthesis
  8) Partition Report
  9) Final Report
	9.1) Device utilization summary
	9.2) Partition Resource Summary
	9.3) TIMING REPORT


=========================================================================
*                      Synthesis Options Summary                        *
=========================================================================
---- Source Parameters
Input File Name                    : "ControlUnit.prj"
Input Format                       : mixed
Ignore Synthesis Constraint File   : NO

---- Target Parameters
Output File Name                   : "ControlUnit"
Output Format                      : NGC
Target Device                      : xc3s500e-5-ft256

---- Source Options
Top Module Name                    : ControlUnit
Automatic FSM Extraction           : YES
FSM Encoding Algorithm             : Auto
Safe Implementation                : No
FSM Style                          : LUT
RAM Extraction                     : Yes
RAM Style                          : Auto
ROM Extraction                     : Yes
Mux Style                          : Auto
Decoder Extraction                 : YES
Priority Encoder Extraction        : Yes
Shift Register Extraction          : YES
Logical Shifter Extraction         : YES
XOR Collapsing                     : YES
ROM Style                          : Auto
Mux Extraction                     : Yes
Resource Sharing                   : YES
Asynchronous To Synchronous        : NO
Multiplier Style                   : Auto
Automatic Register Balancing       : No

---- Target Options
Add IO Buffers                     : YES
Global Maximum Fanout              : 100000
Add Generic Clock Buffer(BUFG)     : 24
Register Duplication               : YES
Slice Packing                      : YES
Optimize Instantiated Primitives   : NO
Use Clock Enable                   : Yes
Use Synchronous Set                : Yes
Use Synchronous Reset              : Yes
Pack IO Registers into IOBs        : Auto
Equivalent register Removal        : YES

---- General Options
Optimization Goal                  : Speed
Optimization Effort                : 1
Keep Hierarchy                     : No
Netlist Hierarchy                  : As_Optimized
RTL Output                         : Yes
Global Optimization                : AllClockNets
Read Cores                         : YES
Write Timing Constraints           : NO
Cross Clock Analysis               : NO
Hierarchy Separator                : /
Bus Delimiter                      : <>
Case Specifier                     : Maintain
Slice Utilization Ratio            : 100
BRAM Utilization Ratio             : 100
Verilog 2001                       : YES
Auto BRAM Packing                  : NO
Slice Utilization Ratio Delta      : 5

=========================================================================


=========================================================================
*                          HDL Compilation                              *
=========================================================================
Compiling verilog file "ControlUnit.v" in library work
Module <ControlUnit> compiled
No errors in compilation
Analysis of file <"ControlUnit.prj"> succeeded.
 

=========================================================================
*                     Design Hierarchy Analysis                         *
=========================================================================
Analyzing hierarchy for module <ControlUnit> in library <work> with parameters.
	ADD = "00001"
	ADDI = "01010"
	AND = "00100"
	CMP = "01100"
	JG = "01111"
	JL = "10000"
	JNZ = "01110"
	JUMP = "10001"
	JZ = "01101"
	LI = "01001"
	LW = "00111"
	MOV = "00110"
	NOP = "00000"
	OR = "00011"
	SUB = "00010"
	SUBI = "01011"
	SW = "01000"
	XOR = "00101"


=========================================================================
*                            HDL Analysis                               *
=========================================================================
Analyzing top module <ControlUnit>.
	ADD = 5'b00001
	ADDI = 5'b01010
	AND = 5'b00100
	CMP = 5'b01100
	JG = 5'b01111
	JL = 5'b10000
	JNZ = 5'b01110
	JUMP = 5'b10001
	JZ = 5'b01101
	LI = 5'b01001
	LW = 5'b00111
	MOV = 5'b00110
	NOP = 5'b00000
	OR = 5'b00011
	SUB = 5'b00010
	SUBI = 5'b01011
	SW = 5'b01000
	XOR = 5'b00101
Module <ControlUnit> is correct for synthesis.
 

=========================================================================
*                           HDL Synthesis                               *
=========================================================================

Performing bidirectional port resolution...

Synthesizing Unit <ControlUnit>.
    Related source file is "ControlUnit.v".
    Found 16x2-bit ROM for signal <$rom0000>.
    Summary:
	inferred   1 ROM(s).
Unit <ControlUnit> synthesized.


=========================================================================
HDL Synthesis Report

Macro Statistics
# ROMs                                                 : 1
 16x2-bit ROM                                          : 1

=========================================================================

=========================================================================
*                       Advanced HDL Synthesis                          *
=========================================================================


=========================================================================
Advanced HDL Synthesis Report

Macro Statistics
# ROMs                                                 : 1
 16x2-bit ROM                                          : 1

=========================================================================

=========================================================================
*                         Low Level Synthesis                           *
=========================================================================

Optimizing unit <ControlUnit> ...

Mapping all equations...
Building and optimizing final netlist ...
Found area constraint ratio of 100 (+ 5) on block ControlUnit, actual ratio is 0.

Final Macro Processing ...

=========================================================================
Final Register Report

Found no macro
=========================================================================

=========================================================================
*                           Partition Report                            *
=========================================================================

Partition Implementation Status
-------------------------------

  No Partitions were found in this design.

-------------------------------

=========================================================================
*                            Final Report                               *
=========================================================================
Final Results
RTL Top Level Output File Name     : ControlUnit.ngr
Top Level Output File Name         : ControlUnit
Output Format                      : NGC
Optimization Goal                  : Speed
Keep Hierarchy                     : No

Design Statistics
# IOs                              : 19

Cell Usage :
# BELS                             : 17
#      GND                         : 1
#      LUT2                        : 3
#      LUT3                        : 5
#      LUT4                        : 6
#      MUXF5                       : 2
# IO Buffers                       : 19
#      IBUF                        : 5
#      OBUF                        : 14
=========================================================================

Device utilization summary:
---------------------------

Selected Device : 3s500eft256-5 

 Number of Slices:                        9  out of   4656     0%  
 Number of 4 input LUTs:                 14  out of   9312     0%  
 Number of IOs:                          19
 Number of bonded IOBs:                  19  out of    190    10%  

---------------------------
Partition Resource Summary:
---------------------------

  No Partitions were found in this design.

---------------------------


=========================================================================
TIMING REPORT

NOTE: THESE TIMING NUMBERS ARE ONLY A SYNTHESIS ESTIMATE.
      FOR ACCURATE TIMING INFORMATION PLEASE REFER TO THE TRACE REPORT
      GENERATED AFTER PLACE-and-ROUTE.

Clock Information:
------------------
No clock signals found in this design

Asynchronous Control Signals Information:
----------------------------------------
No asynchronous control signals found in this design

Timing Summary:
---------------
Speed Grade: -5

   Minimum period: No path found
   Minimum input arrival time before clock: No path found
   Maximum output required time after clock: No path found
   Maximum combinational path delay: 7.361ns

Timing Detail:
--------------
All values displayed in nanoseconds (ns)

=========================================================================
Timing constraint: Default path analysis
  Total number of paths / destination ports: 58 / 14
-------------------------------------------------------------------------
Delay:               7.361ns (Levels of Logic = 4)
  Source:            opcode<0> (PAD)
  Destination:       is_imm (PAD)

  Data Path: opcode<0> to is_imm
                                Gate     Net
    Cell:in->out      fanout   Delay   Delay  Logical Name (Net Name)
    ----------------------------------------  ------------
     IBUF:I->O            10   1.106   0.902  opcode_0_IBUF (alu_function_0_OBUF)
     LUT2:I0->O            3   0.612   0.603  Mrom__rom00001111 (N01)
     LUT4:I0->O            1   0.612   0.357  is_imm1 (is_imm_OBUF)
     OBUF:I->O                 3.169          is_imm_OBUF (is_imm)
    ----------------------------------------
    Total                      7.361ns (5.499ns logic, 1.862ns route)
                                       (74.7% logic, 25.3% route)

=========================================================================


Total REAL time to Xst completion: 5.00 secs
Total CPU time to Xst completion: 4.85 secs
 
--> 

Total memory usage is 199488 kilobytes

Number of errors   :    0 (   0 filtered)
Number of warnings :    0 (   0 filtered)
Number of infos    :    0 (   0 filtered)

